

Started GET "/" for 79.97.101.4 at 2017-09-29 14:51:43 -0400
Processing by Rails::WelcomeController#index as HTML
  Rendered /home/cabox/.rvm/gems/ruby-2.1.2/gems/railties-4.1.6/lib/rails/templates/rails/welcome/index.html.erb (2.1ms)
Completed 200 OK in 20ms (Views: 8.6ms | ActiveRecord: 0.0ms)


Started GET "/" for 79.97.101.4 at 2017-09-29 14:52:09 -0400
Processing by Rails::WelcomeController#index as HTML
  Rendered /home/cabox/.rvm/gems/ruby-2.1.2/gems/railties-4.1.6/lib/rails/templates/rails/welcome/index.html.erb (0.1ms)
Completed 200 OK in 2ms (Views: 1.4ms | ActiveRecord: 0.0ms)


Started GET "/" for 79.97.101.4 at 2017-09-29 14:53:38 -0400
Processing by Rails::WelcomeController#index as HTML
  Rendered /home/cabox/.rvm/gems/ruby-2.1.2/gems/railties-4.1.6/lib/rails/templates/rails/welcome/index.html.erb (0.1ms)
Completed 200 OK in 1ms (Views: 1.2ms | ActiveRecord: 0.0ms)


Started GET "/" for 79.97.101.4 at 2017-09-29 14:53:41 -0400
Processing by Rails::WelcomeController#index as HTML
  Rendered /home/cabox/.rvm/gems/ruby-2.1.2/gems/railties-4.1.6/lib/rails/templates/rails/welcome/index.html.erb (0.1ms)
Completed 200 OK in 2ms (Views: 1.3ms | ActiveRecord: 0.0ms)


Started GET "/" for 79.97.101.4 at 2017-09-29 14:53:43 -0400
Processing by Rails::WelcomeController#index as HTML
  Rendered /home/cabox/.rvm/gems/ruby-2.1.2/gems/railties-4.1.6/lib/rails/templates/rails/welcome/index.html.erb (0.1ms)
Completed 200 OK in 1ms (Views: 1.1ms | ActiveRecord: 0.0ms)


Started GET "/" for 79.97.101.4 at 2017-09-29 14:53:43 -0400
Processing by Rails::WelcomeController#index as HTML
  Rendered /home/cabox/.rvm/gems/ruby-2.1.2/gems/railties-4.1.6/lib/rails/templates/rails/welcome/index.html.erb (0.1ms)
Completed 200 OK in 2ms (Views: 1.3ms | ActiveRecord: 0.0ms)


Started GET "/" for 79.97.101.4 at 2017-09-29 15:09:59 -0400
Processing by Rails::WelcomeController#index as HTML
  Rendered /home/cabox/.rvm/gems/ruby-2.1.2/gems/railties-4.1.6/lib/rails/templates/rails/welcome/index.html.erb (0.1ms)
Completed 200 OK in 2ms (Views: 1.3ms | ActiveRecord: 0.0ms)


Started GET "/" for 79.97.101.4 at 2017-09-29 15:10:07 -0400
Processing by Rails::WelcomeController#index as HTML
  Rendered /home/cabox/.rvm/gems/ruby-2.1.2/gems/railties-4.1.6/lib/rails/templates/rails/welcome/index.html.erb (0.1ms)
Completed 200 OK in 1ms (Views: 1.2ms | ActiveRecord: 0.0ms)


Started GET "/" for 79.97.101.4 at 2017-09-29 15:27:29 -0400
Processing by ApplicationController#hello as HTML
  Rendered html template (0.0ms)
Completed 200 OK in 18ms (Views: 6.3ms | ActiveRecord: 0.0ms)
